<?xml version="1.0" encoding="UTF-8"?>
<!-- Generated by org.testng.reporters.JUnitXMLReporter -->
<testsuite hostname="admin-HP" name="Test" tests="6" failures="0" timestamp="18 Mar 2020 04:29:14 GMT" time="241.156" errors="0">
  <testcase name="Trending" time="15.525" classname="org.testing.testScript.TC1"/>
  <testcase name="Subscription" time="18.544" classname="org.testing.testScript.TC2"/>
  <testcase name="videoplay_like" time="22.585" classname="org.testing.testScript.TC3"/>
  <testcase name="videoplay_subscribe" time="26.755" classname="org.testing.testScript.TC4"/>
  <testcase name="History" time="16.329" classname="org.testing.testScript.TC5"/>
  <testcase name="liBRARY" time="16.339" classname="org.testing.testScript.TC6"/>
</testsuite> <!-- Test -->
